build/outputs/logs/manifest-merger-debug-report.txt
-- Merging decision tree log ---
manifest
ADDED from src\main\AndroidManifest.xml:2:1-81:12
	xmlns:android
		ADDED from src\main\AndroidManifest.xml:2:11-69
	package
		ADDED from src\main\AndroidManifest.xml:3:11-48
	android:versionName
		ADDED from src\main\AndroidManifest.xml:5:11-36
	android:versionCode
		ADDED from src\main\AndroidManifest.xml:4:11-34
		INJECTED from src\main\AndroidManifest.xml
		INJECTED from src\main\AndroidManifest.xml
uses-sdk
ADDED from src\main\AndroidManifest.xml:8:3-71
MERGED from [:estimote-sdk:] AndroidManifest.xml:7:5-43
MERGED from [com.android.support:appcompat-v7:23.1.0] AndroidManifest.xml:20:5-43
MERGED from [com.android.support:support-v4:23.1.0] AndroidManifest.xml:20:5-43
	android:targetSdkVersion
		ADDED from src\main\AndroidManifest.xml:8:40-69
	android:minSdkVersion
		ADDED from src\main\AndroidManifest.xml:8:13-39
		INJECTED from src\main\AndroidManifest.xml
		INJECTED from src\main\AndroidManifest.xml
uses-permission#android.permission.CAMERA
ADDED from src\main\AndroidManifest.xml:9:5-65
	android:name
		ADDED from src\main\AndroidManifest.xml:9:22-62
uses-feature#android.hardware.camera
ADDED from src\main\AndroidManifest.xml:10:5-60
	android:name
		ADDED from src\main\AndroidManifest.xml:10:19-57
uses-feature#android.hardware.bluetooth_le
ADDED from src\main\AndroidManifest.xml:13:3-87
MERGED from [:estimote-sdk:] AndroidManifest.xml:18:5-20:36
	android:required
		ADDED from src\main\AndroidManifest.xml:13:62-85
	android:name
		ADDED from src\main\AndroidManifest.xml:13:17-61
application
ADDED from src\main\AndroidManifest.xml:15:3-79:17
MERGED from [:estimote-sdk:] AndroidManifest.xml:22:5-32:19
MERGED from [com.android.support:appcompat-v7:23.1.0] AndroidManifest.xml:22:5-20
MERGED from [com.android.support:support-v4:23.1.0] AndroidManifest.xml:22:5-20
	android:label
		ADDED from src\main\AndroidManifest.xml:17:7-37
	android:theme
		ADDED from src\main\AndroidManifest.xml:18:7-43
	android:name
		ADDED from src\main\AndroidManifest.xml:16:7-39
activity#com.estimote.examples.demos.activities.AllDemosActivity
ADDED from src\main\AndroidManifest.xml:20:5-28:16
	android:screenOrientation
		ADDED from src\main\AndroidManifest.xml:23:9-45
	android:label
		ADDED from src\main\AndroidManifest.xml:22:9-39
	android:name
		ADDED from src\main\AndroidManifest.xml:21:9-52
intent-filter#android.intent.action.MAIN+android.intent.category.LAUNCHER
ADDED from src\main\AndroidManifest.xml:24:7-27:23
action#android.intent.action.MAIN
ADDED from src\main\AndroidManifest.xml:25:9-60
	android:name
		ADDED from src\main\AndroidManifest.xml:25:17-58
category#android.intent.category.LAUNCHER
ADDED from src\main\AndroidManifest.xml:26:9-68
	android:name
		ADDED from src\main\AndroidManifest.xml:26:19-66
activity#com.estimote.examples.demos.activities.ListBeaconsActivity
ADDED from src\main\AndroidManifest.xml:30:5-33:47
	android:screenOrientation
		ADDED from src\main\AndroidManifest.xml:33:9-45
	android:label
		ADDED from src\main\AndroidManifest.xml:32:9-38
	android:name
		ADDED from src\main\AndroidManifest.xml:31:9-55
activity#com.estimote.examples.demos.activities.ListEddystoneActivity
ADDED from src\main\AndroidManifest.xml:35:5-38:47
	android:screenOrientation
		ADDED from src\main\AndroidManifest.xml:38:9-45
	android:label
		ADDED from src\main\AndroidManifest.xml:37:9-41
	android:name
		ADDED from src\main\AndroidManifest.xml:36:9-57
activity#com.estimote.examples.demos.activities.ListNearablesActivity
ADDED from src\main\AndroidManifest.xml:40:5-43:47
	android:screenOrientation
		ADDED from src\main\AndroidManifest.xml:43:9-45
	android:label
		ADDED from src\main\AndroidManifest.xml:42:9-38
	android:name
		ADDED from src\main\AndroidManifest.xml:41:9-57
activity#com.estimote.examples.demos.activities.DistanceBeaconActivity
ADDED from src\main\AndroidManifest.xml:45:5-47:53
	android:screenOrientation
		ADDED from src\main\AndroidManifest.xml:47:15-51
	android:label
		ADDED from src\main\AndroidManifest.xml:46:15-44
	android:name
		ADDED from src\main\AndroidManifest.xml:45:15-64
activity#com.estimote.examples.demos.activities.NotifyDemoActivity
ADDED from src\main\AndroidManifest.xml:49:5-51:53
	android:screenOrientation
		ADDED from src\main\AndroidManifest.xml:51:15-51
	android:label
		ADDED from src\main\AndroidManifest.xml:50:15-42
	android:name
		ADDED from src\main\AndroidManifest.xml:49:15-60
activity#com.estimote.examples.demos.activities.CharacteristicsDemoActivity
ADDED from src\main\AndroidManifest.xml:53:5-55:53
	android:screenOrientation
		ADDED from src\main\AndroidManifest.xml:55:15-51
	android:label
		ADDED from src\main\AndroidManifest.xml:54:15-51
	android:name
		ADDED from src\main\AndroidManifest.xml:53:15-69
activity#com.estimote.examples.demos.activities.UpdateDemoActivity
ADDED from src\main\AndroidManifest.xml:57:5-59:53
	android:screenOrientation
		ADDED from src\main\AndroidManifest.xml:59:15-51
	android:label
		ADDED from src\main\AndroidManifest.xml:58:15-51
	android:name
		ADDED from src\main\AndroidManifest.xml:57:15-60
activity#com.estimote.examples.demos.activities.EddystoneDemoActivity
ADDED from src\main\AndroidManifest.xml:61:5-63:47
	android:screenOrientation
		ADDED from src\main\AndroidManifest.xml:63:9-45
	android:label
		ADDED from src\main\AndroidManifest.xml:62:9-39
	android:name
		ADDED from src\main\AndroidManifest.xml:61:15-63
activity#com.estimote.examples.demos.activities.NearablesDemoActivity
ADDED from src\main\AndroidManifest.xml:65:5-67:47
	android:screenOrientation
		ADDED from src\main\AndroidManifest.xml:67:9-45
	android:label
		ADDED from src\main\AndroidManifest.xml:66:9-39
	android:name
		ADDED from src\main\AndroidManifest.xml:65:15-63
activity#com.estimote.examples.demos.activities.SensorsActivity
ADDED from src\main\AndroidManifest.xml:69:5-71:47
	android:screenOrientation
		ADDED from src\main\AndroidManifest.xml:71:9-45
	android:label
		ADDED from src\main\AndroidManifest.xml:70:9-37
	android:name
		ADDED from src\main\AndroidManifest.xml:69:15-57
uses-permission#android.permission.BLUETOOTH
ADDED from [:estimote-sdk:] AndroidManifest.xml:10:5-68
	android:name
		ADDED from [:estimote-sdk:] AndroidManifest.xml:10:22-65
uses-permission#android.permission.BLUETOOTH_ADMIN
ADDED from [:estimote-sdk:] AndroidManifest.xml:11:5-74
	android:name
		ADDED from [:estimote-sdk:] AndroidManifest.xml:11:22-71
uses-permission-sdk-23
ADDED from [:estimote-sdk:] AndroidManifest.xml:13:5-88
	android:name
		ADDED from [:estimote-sdk:] AndroidManifest.xml:13:29-85
uses-permission#android.permission.INTERNET
ADDED from [:estimote-sdk:] AndroidManifest.xml:15:5-67
	android:name
		ADDED from [:estimote-sdk:] AndroidManifest.xml:15:22-64
uses-permission#android.permission.ACCESS_NETWORK_STATE
ADDED from [:estimote-sdk:] AndroidManifest.xml:16:5-79
	android:name
		ADDED from [:estimote-sdk:] AndroidManifest.xml:16:22-76
service#com.estimote.sdk.service.BeaconService
ADDED from [:estimote-sdk:] AndroidManifest.xml:23:9-25:40
	android:exported
		ADDED from [:estimote-sdk:] AndroidManifest.xml:25:13-37
	android:name
		ADDED from [:estimote-sdk:] AndroidManifest.xml:24:13-66
activity#com.estimote.sdk.DefaultRequirementsCheckerCallback$Activity
ADDED from [:estimote-sdk:] AndroidManifest.xml:27:9-29:56
	android:theme
		ADDED from [:estimote-sdk:] AndroidManifest.xml:29:13-53
	android:name
		ADDED from [:estimote-sdk:] AndroidManifest.xml:28:13-88
receiver#com.estimote.sdk.service.BeaconService$ScanAlarmBroadcastReceiver
ADDED from [:estimote-sdk:] AndroidManifest.xml:31:9-102
	android:name
		ADDED from [:estimote-sdk:] AndroidManifest.xml:31:19-99